<?xml version="1.0" encoding="UTF-8"?>
<testsuite xmlns:xsi="http://www.w3.org/2001/XMLSchema-instance" xsi:noNamespaceSchemaLocation="https://maven.apache.org/surefire/maven-surefire-plugin/xsd/surefire-test-report.xsd" name="com.yep.NovelWebsiteApplicationTests" time="9.443" tests="3" errors="0" skipped="0" failures="0">
  <properties>
[...]
</properties>
  <testcase name="contextLoads" classname="com.yep.NovelWebsiteApplicationTests" time="0.279"/>
  <testcase name="testMapper" classname="com.yep.NovelWebsiteApplicationTests" time="0.296"/>
  <testcase name="testPassword" classname="com.yep.NovelWebsiteApplicationTests" time="0.067"/>
</testsuite>